c:\users\夢兎\desktop\新しいフォルダー (3)\starrun\starrun【program】\project1\project1\debug\vc141.pdb
c:\users\夢兎\desktop\新しいフォルダー (3)\starrun\starrun【program】\project1\project1\debug\vc141.idb
c:\users\夢兎\desktop\新しいフォルダー (3)\starrun\starrun【program】\project1\project1\debug\vector2.obj
c:\users\夢兎\desktop\新しいフォルダー (3)\starrun\starrun【program】\project1\project1\debug\scenemng.obj
c:\users\夢兎\desktop\新しいフォルダー (3)\starrun\starrun【program】\project1\project1\debug\obj.obj
c:\users\夢兎\desktop\新しいフォルダー (3)\starrun\starrun【program】\project1\project1\debug\map_id.obj
c:\users\夢兎\desktop\新しいフォルダー (3)\starrun\starrun【program】\project1\project1\debug\mapcontrol.obj
c:\users\夢兎\desktop\新しいフォルダー (3)\starrun\starrun【program】\project1\project1\debug\main.obj
c:\users\夢兎\desktop\新しいフォルダー (3)\starrun\starrun【program】\project1\project1\debug\imagemng.obj
c:\users\夢兎\desktop\新しいフォルダー (3)\starrun\starrun【program】\project1\project1\debug\gamecontroller.obj
c:\users\夢兎\desktop\新しいフォルダー (3)\starrun\starrun【program】\project1\project1\debug\editscene.obj
c:\users\夢兎\desktop\新しいフォルダー (3)\starrun\starrun【program】\project1\project1\debug\editcursor.obj
c:\users\夢兎\desktop\新しいフォルダー (3)\starrun\starrun【program】\project1\project1\debug\basescene.obj
c:\users\夢兎\desktop\新しいフォルダー (3)\starrun\starrun【program】\project1\debug\project1.pdb
c:\users\夢兎\desktop\新しいフォルダー (3)\starrun\starrun【program】\project1\project1\debug\project1.tlog\cl.command.1.tlog
c:\users\夢兎\desktop\新しいフォルダー (3)\starrun\starrun【program】\project1\project1\debug\project1.tlog\cl.read.1.tlog
c:\users\夢兎\desktop\新しいフォルダー (3)\starrun\starrun【program】\project1\project1\debug\project1.tlog\cl.write.1.tlog
c:\users\夢兎\desktop\新しいフォルダー (3)\starrun\starrun【program】\project1\project1\debug\project1.tlog\link-cvtres.read.1.tlog
c:\users\夢兎\desktop\新しいフォルダー (3)\starrun\starrun【program】\project1\project1\debug\project1.tlog\link-cvtres.write.1.tlog
c:\users\夢兎\desktop\新しいフォルダー (3)\starrun\starrun【program】\project1\project1\debug\project1.tlog\link-rc.read.1.tlog
c:\users\夢兎\desktop\新しいフォルダー (3)\starrun\starrun【program】\project1\project1\debug\project1.tlog\link-rc.write.1.tlog
c:\users\夢兎\desktop\新しいフォルダー (3)\starrun\starrun【program】\project1\project1\debug\project1.tlog\link.15156-cvtres.read.1.tlog
c:\users\夢兎\desktop\新しいフォルダー (3)\starrun\starrun【program】\project1\project1\debug\project1.tlog\link.15156-cvtres.write.1.tlog
c:\users\夢兎\desktop\新しいフォルダー (3)\starrun\starrun【program】\project1\project1\debug\project1.tlog\link.15156-rc.read.1.tlog
c:\users\夢兎\desktop\新しいフォルダー (3)\starrun\starrun【program】\project1\project1\debug\project1.tlog\link.15156-rc.write.1.tlog
c:\users\夢兎\desktop\新しいフォルダー (3)\starrun\starrun【program】\project1\project1\debug\project1.tlog\link.15156.read.1.tlog
c:\users\夢兎\desktop\新しいフォルダー (3)\starrun\starrun【program】\project1\project1\debug\project1.tlog\link.15156.write.1.tlog
c:\users\夢兎\desktop\新しいフォルダー (3)\starrun\starrun【program】\project1\project1\debug\project1.tlog\link.command.1.tlog
c:\users\夢兎\desktop\新しいフォルダー (3)\starrun\starrun【program】\project1\project1\debug\project1.tlog\link.read.1.tlog
c:\users\夢兎\desktop\新しいフォルダー (3)\starrun\starrun【program】\project1\project1\debug\project1.tlog\link.write.1.tlog
